<?xml version="1.0" encoding="UTF-8"?>
<testng-results ignored="0" total="1" passed="1" failed="0" skipped="0">
  <reporter-output>
  </reporter-output>
  <suite started-at="2025-03-27T21:39:28 GMT" name="Default suite" finished-at="2025-03-27T21:39:36 GMT" duration-ms="8240">
    <groups>
      <group name="cucumber">
        <method signature="AbstractTestNGCucumberTests.runScenario(io.cucumber.testng.PickleWrapper,io.cucumber.testng.FeatureWrapper)[pri:0, instance:testRunner.Runner@53fe15ff]" name="runScenario" class="io.cucumber.testng.AbstractTestNGCucumberTests"/>
      </group> <!-- cucumber -->
    </groups>
    <test started-at="2025-03-27T21:39:28 GMT" name="Default test" finished-at="2025-03-27T21:39:36 GMT" duration-ms="8240">
      <class name="testRunner.Runner">
        <test-method is-config="true" signature="setUpClass(org.testng.ITestContext)[pri:0, instance:testRunner.Runner@53fe15ff]" started-at="2025-03-27T21:39:28 GMT" name="setUpClass" finished-at="2025-03-27T21:39:28 GMT" duration-ms="187" status="PASS">
          <params>
            <param index="0">
              <value>
                <![CDATA[org.testng.TestRunner@64030b91]]>
              </value>
            </param>
          </params>
          <reporter-output>
          </reporter-output>
        </test-method> <!-- setUpClass -->
        <test-method signature="runScenario(io.cucumber.testng.PickleWrapper,io.cucumber.testng.FeatureWrapper)[pri:0, instance:testRunner.Runner@53fe15ff]" started-at="2025-03-27T21:39:28 GMT" name="runScenario" description="Runs Cucumber Scenarios" data-provider="scenarios" finished-at="2025-03-27T21:39:36 GMT" duration-ms="8013" status="PASS">
          <params>
            <param index="0">
              <value>
                <![CDATA["login should be success"]]>
              </value>
            </param>
            <param index="1">
              <value>
                <![CDATA["Bookcart Application tests"]]>
              </value>
            </param>
          </params>
          <reporter-output>
          </reporter-output>
        </test-method> <!-- runScenario -->
        <test-method is-config="true" signature="tearDownClass()[pri:0, instance:testRunner.Runner@53fe15ff]" started-at="2025-03-27T21:39:36 GMT" name="tearDownClass" finished-at="2025-03-27T21:39:36 GMT" duration-ms="2" status="PASS">
          <reporter-output>
          </reporter-output>
        </test-method> <!-- tearDownClass -->
      </class> <!-- testRunner.Runner -->
    </test> <!-- Default test -->
  </suite> <!-- Default suite -->
</testng-results>
